<?xml version="1.0" encoding="UTF-8"?>
<!-- Generated by org.testng.reporters.JUnitReportReporter -->
<testsuite hostname="Yogeshs-Mac-mini.local" failures="0" tests="1" name="Demo5.Facebook_login" time="9.229" errors="0" timestamp="2023-11-18T01:42:20 GMT-08:00" skipped="0">
  <testcase classname="Demo5.Facebook_login" name="f" time="9.229"/>
  <system-out/>
</testsuite> <!-- Demo5.Facebook_login -->
