<?xml version="1.0" encoding="UTF-8"?>
<!-- Generated by org.testng.reporters.JUnitReportReporter -->
<testsuite hostname="Yogeshs-Mac-mini.local" failures="0" tests="1" name="Demo5.Call" time="0.000" errors="0" timestamp="2023-11-19T19:54:27 GMT-08:00" skipped="1">
  <testcase classname="Demo5.Call" name="fromacess" time="0.000">
    <skipped/>
  </testcase> <!-- fromacess -->
  <system-out/>
</testsuite> <!-- Demo5.Call -->
